2024-06-06 09:54:14.142  INFO 69110 --- [main] c.c.c.ConfigServicePropertySourceLocator : Fetching config from server at : http://10.141.1.12:8888/
2024-06-06 09:54:15.189  INFO 69110 --- [main] c.c.c.ConfigServicePropertySourceLocator : Located environment: name=docserver-importador-openalex, profiles=[default], label=null, version=50512, state=null
2024-06-06 09:54:15.191  INFO 69110 --- [main] b.c.PropertySourceBootstrapConfiguration : Located property source: [BootstrapPropertySource {name='bootstrapProperties-configClient'}, BootstrapPropertySource {name='bootstrapProperties-https://hal.unirioja.es/svn/dialnet-config//trunk/application.yml'}]
2024-06-06 09:54:15.228  INFO 69110 --- [main] d.importador.openalex.Application        : No active profile set, falling back to default profiles: default
2024-06-06 09:54:15.755  INFO 69110 --- [main] .s.d.r.c.RepositoryConfigurationDelegate : Bootstrapping Spring Data MongoDB repositories in DEFAULT mode.
2024-06-06 09:54:15.765  INFO 69110 --- [main] .s.d.r.c.RepositoryConfigurationDelegate : Finished Spring Data repository scanning in 5 ms. Found 0 MongoDB repository interfaces.
2024-06-06 09:54:15.769  INFO 69110 --- [main] .s.d.r.c.RepositoryConfigurationDelegate : Bootstrapping Spring Data MongoDB repositories in DEFAULT mode.
2024-06-06 09:54:15.957  INFO 69110 --- [main] .s.d.r.c.RepositoryConfigurationDelegate : Finished Spring Data repository scanning in 187 ms. Found 18 MongoDB repository interfaces.
2024-06-06 09:54:15.959  INFO 69110 --- [main] .s.d.r.c.RepositoryConfigurationDelegate : Bootstrapping Spring Data MongoDB repositories in DEFAULT mode.
2024-06-06 09:54:15.971  INFO 69110 --- [main] .s.d.r.c.RepositoryConfigurationDelegate : Finished Spring Data repository scanning in 11 ms. Found 2 MongoDB repository interfaces.
2024-06-06 09:54:16.421  INFO 69110 --- [main] o.s.cloud.context.scope.GenericScope     : BeanFactory id=21acdc48-a1bc-3a9d-9fc6-fac7ecf66b89
2024-06-06 09:54:16.725  INFO 69110 --- [main] org.mongodb.driver.cluster               : Cluster created with settings {hosts=[sancho.unirioja.es:27017, matute.unirioja.es:27017, totoro.unirioja.es:27017, totoro2.unirioja.es:27017], mode=MULTIPLE, requiredClusterType=REPLICA_SET, serverSelectionTimeout='30000 ms', requiredReplicaSetName='dialnet-rs'}
2024-06-06 09:54:16.726  INFO 69110 --- [main] org.mongodb.driver.cluster               : Adding discovered server sancho.unirioja.es:27017 to client view of cluster
2024-06-06 09:54:16.749  INFO 69110 --- [main] org.mongodb.driver.cluster               : Adding discovered server matute.unirioja.es:27017 to client view of cluster
2024-06-06 09:54:16.751  INFO 69110 --- [main] org.mongodb.driver.cluster               : Adding discovered server totoro.unirioja.es:27017 to client view of cluster
2024-06-06 09:54:16.752  INFO 69110 --- [main] org.mongodb.driver.cluster               : Adding discovered server totoro2.unirioja.es:27017 to client view of cluster
2024-06-06 09:54:16.843  WARN 69110 --- [main] o.s.data.convert.CustomConversions       : Registering converter from class java.time.LocalDateTime to class org.joda.time.LocalDateTime as reading converter although it doesn't convert from a store-supported type! You might want to check your annotation setup at the converter implementation.
2024-06-06 09:54:16.853  INFO 69110 --- [cluster-rtt-ClusterId{value='66616b284b006a7e1bcc1cdc', description='null'}-matute.unirioja.es:27017] org.mongodb.driver.connection            : Opened connection [connectionId{localValue:4, serverValue:3146240}] to matute.unirioja.es:27017
2024-06-06 09:54:16.853  INFO 69110 --- [cluster-ClusterId{value='66616b284b006a7e1bcc1cdc', description='null'}-matute.unirioja.es:27017] org.mongodb.driver.connection            : Opened connection [connectionId{localValue:1, serverValue:3146241}] to matute.unirioja.es:27017
2024-06-06 09:54:16.853  INFO 69110 --- [cluster-rtt-ClusterId{value='66616b284b006a7e1bcc1cdc', description='null'}-totoro2.unirioja.es:27017] org.mongodb.driver.connection            : Opened connection [connectionId{localValue:7, serverValue:5403958}] to totoro2.unirioja.es:27017
2024-06-06 09:54:16.853  INFO 69110 --- [cluster-ClusterId{value='66616b284b006a7e1bcc1cdc', description='null'}-totoro.unirioja.es:27017] org.mongodb.driver.connection            : Opened connection [connectionId{localValue:8, serverValue:6918192}] to totoro.unirioja.es:27017
2024-06-06 09:54:16.853  INFO 69110 --- [cluster-ClusterId{value='66616b284b006a7e1bcc1cdc', description='null'}-totoro2.unirioja.es:27017] org.mongodb.driver.connection            : Opened connection [connectionId{localValue:6, serverValue:5403959}] to totoro2.unirioja.es:27017
2024-06-06 09:54:16.855  INFO 69110 --- [cluster-ClusterId{value='66616b284b006a7e1bcc1cdc', description='null'}-totoro.unirioja.es:27017] org.mongodb.driver.cluster               : Monitor thread successfully connected to server with description ServerDescription{address=totoro.unirioja.es:27017, type=REPLICA_SET_PRIMARY, state=CONNECTED, ok=true, minWireVersion=0, maxWireVersion=9, maxDocumentSize=16777216, logicalSessionTimeoutMinutes=30, roundTripTimeNanos=42088957, setName='dialnet-rs', canonicalAddress=totoro.unirioja.es:27017, hosts=[sancho.unirioja.es:27017, totoro.unirioja.es:27017, totoro2.unirioja.es:27017], passives=[], arbiters=[matute.unirioja.es:27017], primary='totoro.unirioja.es:27017', tagSet=TagSet{[]}, electionId=7fffffff0000000000000027, setVersion=25, topologyVersion=TopologyVersion{processId=65fac566c307010b26296de5, counter=6}, lastWriteDate=Thu Jun 06 09:54:16 CEST 2024, lastUpdateTimeNanos=6733147465535}
2024-06-06 09:54:16.855  INFO 69110 --- [cluster-ClusterId{value='66616b284b006a7e1bcc1cdc', description='null'}-totoro2.unirioja.es:27017] org.mongodb.driver.cluster               : Monitor thread successfully connected to server with description ServerDescription{address=totoro2.unirioja.es:27017, type=REPLICA_SET_SECONDARY, state=CONNECTED, ok=true, minWireVersion=0, maxWireVersion=9, maxDocumentSize=16777216, logicalSessionTimeoutMinutes=30, roundTripTimeNanos=42106608, setName='dialnet-rs', canonicalAddress=totoro2.unirioja.es:27017, hosts=[sancho.unirioja.es:27017, totoro.unirioja.es:27017, totoro2.unirioja.es:27017], passives=[], arbiters=[matute.unirioja.es:27017], primary='totoro.unirioja.es:27017', tagSet=TagSet{[]}, electionId=null, setVersion=25, topologyVersion=TopologyVersion{processId=65fad428679b1144e57f85bd, counter=3}, lastWriteDate=Thu Jun 06 09:54:16 CEST 2024, lastUpdateTimeNanos=6733147465558}
2024-06-06 09:54:16.855  INFO 69110 --- [cluster-ClusterId{value='66616b284b006a7e1bcc1cdc', description='null'}-matute.unirioja.es:27017] org.mongodb.driver.cluster               : Monitor thread successfully connected to server with description ServerDescription{address=matute.unirioja.es:27017, type=REPLICA_SET_ARBITER, state=CONNECTED, ok=true, minWireVersion=0, maxWireVersion=9, maxDocumentSize=16777216, logicalSessionTimeoutMinutes=30, roundTripTimeNanos=41607418, setName='dialnet-rs', canonicalAddress=matute.unirioja.es:27017, hosts=[sancho.unirioja.es:27017, totoro.unirioja.es:27017, totoro2.unirioja.es:27017], passives=[], arbiters=[matute.unirioja.es:27017], primary='totoro.unirioja.es:27017', tagSet=TagSet{[]}, electionId=null, setVersion=25, topologyVersion=TopologyVersion{processId=65fac33d6048ec814e929a93, counter=2}, lastWriteDate=Thu Jun 06 09:54:16 CEST 2024, lastUpdateTimeNanos=6733147465689}
2024-06-06 09:54:16.856  INFO 69110 --- [cluster-ClusterId{value='66616b284b006a7e1bcc1cdc', description='null'}-totoro.unirioja.es:27017] org.mongodb.driver.cluster               : Setting max election id to 7fffffff0000000000000027 from replica set primary totoro.unirioja.es:27017
2024-06-06 09:54:16.857  INFO 69110 --- [cluster-ClusterId{value='66616b284b006a7e1bcc1cdc', description='null'}-totoro.unirioja.es:27017] org.mongodb.driver.cluster               : Setting max set version to 25 from replica set primary totoro.unirioja.es:27017
2024-06-06 09:54:16.857  INFO 69110 --- [cluster-ClusterId{value='66616b284b006a7e1bcc1cdc', description='null'}-totoro.unirioja.es:27017] org.mongodb.driver.cluster               : Discovered replica set primary totoro.unirioja.es:27017
2024-06-06 09:54:16.863  INFO 69110 --- [cluster-rtt-ClusterId{value='66616b284b006a7e1bcc1cdc', description='null'}-totoro.unirioja.es:27017] org.mongodb.driver.connection            : Opened connection [connectionId{localValue:5, serverValue:6918193}] to totoro.unirioja.es:27017
2024-06-06 09:54:17.061  WARN 69110 --- [main] o.s.data.convert.CustomConversions       : Registering converter from class java.time.LocalDateTime to class org.joda.time.LocalDateTime as reading converter although it doesn't convert from a store-supported type! You might want to check your annotation setup at the converter implementation.
2024-06-06 09:54:17.297  INFO 69110 --- [main] org.mongodb.driver.cluster               : Cluster created with settings {hosts=[sancho.unirioja.es:27017, matute.unirioja.es:27017, totoro.unirioja.es:27017, totoro2.unirioja.es:27017], mode=MULTIPLE, requiredClusterType=REPLICA_SET, serverSelectionTimeout='30000 ms', requiredReplicaSetName='dialnet-rs'}
2024-06-06 09:54:17.298  INFO 69110 --- [main] org.mongodb.driver.cluster               : Adding discovered server sancho.unirioja.es:27017 to client view of cluster
2024-06-06 09:54:17.299  INFO 69110 --- [main] org.mongodb.driver.cluster               : Adding discovered server matute.unirioja.es:27017 to client view of cluster
2024-06-06 09:54:17.300  INFO 69110 --- [main] org.mongodb.driver.cluster               : Adding discovered server totoro.unirioja.es:27017 to client view of cluster
2024-06-06 09:54:17.301  INFO 69110 --- [main] org.mongodb.driver.cluster               : Adding discovered server totoro2.unirioja.es:27017 to client view of cluster
2024-06-06 09:54:17.348  WARN 69110 --- [main] o.s.data.convert.CustomConversions       : Registering converter from class java.time.LocalDateTime to class java.time.Instant as reading converter although it doesn't convert from a store-supported type! You might want to check your annotation setup at the converter implementation.
2024-06-06 09:54:17.348  WARN 69110 --- [main] o.s.data.convert.CustomConversions       : Registering converter from class java.time.Instant to class java.time.LocalDateTime as reading converter although it doesn't convert from a store-supported type! You might want to check your annotation setup at the converter implementation.
2024-06-06 09:54:17.349  WARN 69110 --- [main] o.s.data.convert.CustomConversions       : Registering converter from class java.time.LocalDateTime to class org.joda.time.LocalDateTime as reading converter although it doesn't convert from a store-supported type! You might want to check your annotation setup at the converter implementation.
2024-06-06 09:54:17.352  INFO 69110 --- [cluster-rtt-ClusterId{value='66616b294b006a7e1bcc1cdd', description='null'}-matute.unirioja.es:27017] org.mongodb.driver.connection            : Opened connection [connectionId{localValue:12, serverValue:3146242}] to matute.unirioja.es:27017
2024-06-06 09:54:17.354  INFO 69110 --- [cluster-ClusterId{value='66616b294b006a7e1bcc1cdd', description='null'}-matute.unirioja.es:27017] org.mongodb.driver.connection            : Opened connection [connectionId{localValue:11, serverValue:3146243}] to matute.unirioja.es:27017
2024-06-06 09:54:17.355  INFO 69110 --- [cluster-ClusterId{value='66616b294b006a7e1bcc1cdd', description='null'}-matute.unirioja.es:27017] org.mongodb.driver.cluster               : Monitor thread successfully connected to server with description ServerDescription{address=matute.unirioja.es:27017, type=REPLICA_SET_ARBITER, state=CONNECTED, ok=true, minWireVersion=0, maxWireVersion=9, maxDocumentSize=16777216, logicalSessionTimeoutMinutes=30, roundTripTimeNanos=28804234, setName='dialnet-rs', canonicalAddress=matute.unirioja.es:27017, hosts=[sancho.unirioja.es:27017, totoro.unirioja.es:27017, totoro2.unirioja.es:27017], passives=[], arbiters=[matute.unirioja.es:27017], primary='totoro.unirioja.es:27017', tagSet=TagSet{[]}, electionId=null, setVersion=25, topologyVersion=TopologyVersion{processId=65fac33d6048ec814e929a93, counter=2}, lastWriteDate=Thu Jun 06 09:54:16 CEST 2024, lastUpdateTimeNanos=6733649552381}
2024-06-06 09:54:17.356  INFO 69110 --- [cluster-rtt-ClusterId{value='66616b294b006a7e1bcc1cdd', description='null'}-totoro2.unirioja.es:27017] org.mongodb.driver.connection            : Opened connection [connectionId{localValue:16, serverValue:5403961}] to totoro2.unirioja.es:27017
2024-06-06 09:54:17.356  INFO 69110 --- [cluster-ClusterId{value='66616b294b006a7e1bcc1cdd', description='null'}-totoro2.unirioja.es:27017] org.mongodb.driver.connection            : Opened connection [connectionId{localValue:15, serverValue:5403960}] to totoro2.unirioja.es:27017
2024-06-06 09:54:17.357  INFO 69110 --- [cluster-ClusterId{value='66616b294b006a7e1bcc1cdd', description='null'}-totoro2.unirioja.es:27017] org.mongodb.driver.cluster               : Monitor thread successfully connected to server with description ServerDescription{address=totoro2.unirioja.es:27017, type=REPLICA_SET_SECONDARY, state=CONNECTED, ok=true, minWireVersion=0, maxWireVersion=9, maxDocumentSize=16777216, logicalSessionTimeoutMinutes=30, roundTripTimeNanos=27676345, setName='dialnet-rs', canonicalAddress=totoro2.unirioja.es:27017, hosts=[sancho.unirioja.es:27017, totoro.unirioja.es:27017, totoro2.unirioja.es:27017], passives=[], arbiters=[matute.unirioja.es:27017], primary='totoro.unirioja.es:27017', tagSet=TagSet{[]}, electionId=null, setVersion=25, topologyVersion=TopologyVersion{processId=65fad428679b1144e57f85bd, counter=3}, lastWriteDate=Thu Jun 06 09:54:17 CEST 2024, lastUpdateTimeNanos=6733651430222}
2024-06-06 09:54:17.358  INFO 69110 --- [cluster-rtt-ClusterId{value='66616b294b006a7e1bcc1cdd', description='null'}-totoro.unirioja.es:27017] org.mongodb.driver.connection            : Opened connection [connectionId{localValue:14, serverValue:6918194}] to totoro.unirioja.es:27017
2024-06-06 09:54:17.502  INFO 69110 --- [cluster-ClusterId{value='66616b294b006a7e1bcc1cdd', description='null'}-totoro.unirioja.es:27017] org.mongodb.driver.connection            : Opened connection [connectionId{localValue:13, serverValue:6918195}] to totoro.unirioja.es:27017
2024-06-06 09:54:17.503  INFO 69110 --- [cluster-ClusterId{value='66616b294b006a7e1bcc1cdd', description='null'}-totoro.unirioja.es:27017] org.mongodb.driver.cluster               : Monitor thread successfully connected to server with description ServerDescription{address=totoro.unirioja.es:27017, type=REPLICA_SET_PRIMARY, state=CONNECTED, ok=true, minWireVersion=0, maxWireVersion=9, maxDocumentSize=16777216, logicalSessionTimeoutMinutes=30, roundTripTimeNanos=175091779, setName='dialnet-rs', canonicalAddress=totoro.unirioja.es:27017, hosts=[sancho.unirioja.es:27017, totoro.unirioja.es:27017, totoro2.unirioja.es:27017], passives=[], arbiters=[matute.unirioja.es:27017], primary='totoro.unirioja.es:27017', tagSet=TagSet{[]}, electionId=7fffffff0000000000000027, setVersion=25, topologyVersion=TopologyVersion{processId=65fac566c307010b26296de5, counter=6}, lastWriteDate=Thu Jun 06 09:54:17 CEST 2024, lastUpdateTimeNanos=6733797816145}
2024-06-06 09:54:17.503  INFO 69110 --- [cluster-ClusterId{value='66616b294b006a7e1bcc1cdd', description='null'}-totoro.unirioja.es:27017] org.mongodb.driver.cluster               : Setting max election id to 7fffffff0000000000000027 from replica set primary totoro.unirioja.es:27017
2024-06-06 09:54:17.504  INFO 69110 --- [cluster-ClusterId{value='66616b294b006a7e1bcc1cdd', description='null'}-totoro.unirioja.es:27017] org.mongodb.driver.cluster               : Setting max set version to 25 from replica set primary totoro.unirioja.es:27017
2024-06-06 09:54:17.504  INFO 69110 --- [cluster-ClusterId{value='66616b294b006a7e1bcc1cdd', description='null'}-totoro.unirioja.es:27017] org.mongodb.driver.cluster               : Discovered replica set primary totoro.unirioja.es:27017
2024-06-06 09:54:17.837  WARN 69110 --- [main] o.s.data.convert.CustomConversions       : Registering converter from class java.time.LocalDateTime to class org.joda.time.LocalDateTime as reading converter although it doesn't convert from a store-supported type! You might want to check your annotation setup at the converter implementation.
2024-06-06 09:54:18.852  INFO 69110 --- [main] DiscoveryClientOptionalArgsConfiguration : Eureka HTTP Client uses RestTemplate.
2024-06-06 09:54:19.100  WARN 69110 --- [main] iguration$LoadBalancerCaffeineWarnLogger : Spring Cloud LoadBalancer is currently working with the default cache. You can switch to using Caffeine cache, by adding it and org.springframework.cache.caffeine.CaffeineCacheManager to the classpath.
2024-06-06 09:54:19.477  INFO 69110 --- [main] d.importador.openalex.Application        : Started Application in 6.748 seconds (JVM running for 7.105)
2024-06-06 09:54:19.808  INFO 69110 --- [main] org.mongodb.driver.connection            : Opened connection [connectionId{localValue:17, serverValue:6918196}] to totoro.unirioja.es:27017
2024-06-06 09:54:26.801  INFO 69110 --- [cluster-ClusterId{value='66616b284b006a7e1bcc1cdc', description='null'}-sancho.unirioja.es:27017] org.mongodb.driver.cluster               : Exception in monitor thread while connecting to server sancho.unirioja.es:27017

com.mongodb.MongoSocketOpenException: Exception opening socket
	at com.mongodb.internal.connection.SocketStream.open(SocketStream.java:70) ~[mongodb-driver-core-4.1.2.jar:na]
	at com.mongodb.internal.connection.InternalStreamConnection.open(InternalStreamConnection.java:143) ~[mongodb-driver-core-4.1.2.jar:na]
	at com.mongodb.internal.connection.DefaultServerMonitor$ServerMonitorRunnable.lookupServerDescription(DefaultServerMonitor.java:188) ~[mongodb-driver-core-4.1.2.jar:na]
	at com.mongodb.internal.connection.DefaultServerMonitor$ServerMonitorRunnable.run(DefaultServerMonitor.java:144) ~[mongodb-driver-core-4.1.2.jar:na]
	at java.base/java.lang.Thread.run(Thread.java:829) ~[na:na]
Caused by: java.net.SocketTimeoutException: connect timed out
	at java.base/java.net.PlainSocketImpl.socketConnect(Native Method) ~[na:na]
	at java.base/java.net.AbstractPlainSocketImpl.doConnect(AbstractPlainSocketImpl.java:412) ~[na:na]
	at java.base/java.net.AbstractPlainSocketImpl.connectToAddress(AbstractPlainSocketImpl.java:255) ~[na:na]
	at java.base/java.net.AbstractPlainSocketImpl.connect(AbstractPlainSocketImpl.java:237) ~[na:na]
	at java.base/java.net.SocksSocketImpl.connect(SocksSocketImpl.java:392) ~[na:na]
	at java.base/java.net.Socket.connect(Socket.java:609) ~[na:na]
	at com.mongodb.internal.connection.SocketStreamHelper.initialize(SocketStreamHelper.java:78) ~[mongodb-driver-core-4.1.2.jar:na]
	at com.mongodb.internal.connection.SocketStream.initializeSocket(SocketStream.java:79) ~[mongodb-driver-core-4.1.2.jar:na]
	at com.mongodb.internal.connection.SocketStream.open(SocketStream.java:65) ~[mongodb-driver-core-4.1.2.jar:na]
	... 4 common frames omitted

2024-06-06 09:54:27.308  INFO 69110 --- [cluster-ClusterId{value='66616b294b006a7e1bcc1cdd', description='null'}-sancho.unirioja.es:27017] org.mongodb.driver.cluster               : Exception in monitor thread while connecting to server sancho.unirioja.es:27017

com.mongodb.MongoSocketOpenException: Exception opening socket
	at com.mongodb.internal.connection.SocketStream.open(SocketStream.java:70) ~[mongodb-driver-core-4.1.2.jar:na]
	at com.mongodb.internal.connection.InternalStreamConnection.open(InternalStreamConnection.java:143) ~[mongodb-driver-core-4.1.2.jar:na]
	at com.mongodb.internal.connection.DefaultServerMonitor$ServerMonitorRunnable.lookupServerDescription(DefaultServerMonitor.java:188) ~[mongodb-driver-core-4.1.2.jar:na]
	at com.mongodb.internal.connection.DefaultServerMonitor$ServerMonitorRunnable.run(DefaultServerMonitor.java:144) ~[mongodb-driver-core-4.1.2.jar:na]
	at java.base/java.lang.Thread.run(Thread.java:829) ~[na:na]
Caused by: java.net.SocketTimeoutException: connect timed out
	at java.base/java.net.PlainSocketImpl.socketConnect(Native Method) ~[na:na]
	at java.base/java.net.AbstractPlainSocketImpl.doConnect(AbstractPlainSocketImpl.java:412) ~[na:na]
	at java.base/java.net.AbstractPlainSocketImpl.connectToAddress(AbstractPlainSocketImpl.java:255) ~[na:na]
	at java.base/java.net.AbstractPlainSocketImpl.connect(AbstractPlainSocketImpl.java:237) ~[na:na]
	at java.base/java.net.SocksSocketImpl.connect(SocksSocketImpl.java:392) ~[na:na]
	at java.base/java.net.Socket.connect(Socket.java:609) ~[na:na]
	at com.mongodb.internal.connection.SocketStreamHelper.initialize(SocketStreamHelper.java:78) ~[mongodb-driver-core-4.1.2.jar:na]
	at com.mongodb.internal.connection.SocketStream.initializeSocket(SocketStream.java:79) ~[mongodb-driver-core-4.1.2.jar:na]
	at com.mongodb.internal.connection.SocketStream.open(SocketStream.java:65) ~[mongodb-driver-core-4.1.2.jar:na]
	... 4 common frames omitted

2024-06-06 09:54:55.872  INFO 69110 --- [ForkJoinPool.commonPool-worker-19] org.mongodb.driver.connection            : Opened connection [connectionId{localValue:31, serverValue:6918223}] to totoro.unirioja.es:27017
2024-06-06 09:54:55.872  INFO 69110 --- [ForkJoinPool.commonPool-worker-7] org.mongodb.driver.connection            : Opened connection [connectionId{localValue:22, serverValue:6918227}] to totoro.unirioja.es:27017
2024-06-06 09:54:55.872  INFO 69110 --- [ForkJoinPool.commonPool-worker-21] org.mongodb.driver.connection            : Opened connection [connectionId{localValue:26, serverValue:6918224}] to totoro.unirioja.es:27017
2024-06-06 09:54:55.899  INFO 69110 --- [ForkJoinPool.commonPool-worker-5] org.mongodb.driver.connection            : Opened connection [connectionId{localValue:32, serverValue:6918232}] to totoro.unirioja.es:27017
2024-06-06 09:54:55.921  INFO 69110 --- [ForkJoinPool.commonPool-worker-9] org.mongodb.driver.connection            : Opened connection [connectionId{localValue:28, serverValue:6918225}] to totoro.unirioja.es:27017
2024-06-06 09:54:55.944  INFO 69110 --- [ForkJoinPool.commonPool-worker-17] org.mongodb.driver.connection            : Opened connection [connectionId{localValue:30, serverValue:6918226}] to totoro.unirioja.es:27017
2024-06-06 09:54:55.958  INFO 69110 --- [ForkJoinPool.commonPool-worker-3] org.mongodb.driver.connection            : Opened connection [connectionId{localValue:23, serverValue:6918229}] to totoro.unirioja.es:27017
2024-06-06 09:54:55.968  INFO 69110 --- [ForkJoinPool.commonPool-worker-23] org.mongodb.driver.connection            : Opened connection [connectionId{localValue:24, serverValue:6918230}] to totoro.unirioja.es:27017
2024-06-06 09:54:55.971  INFO 69110 --- [ForkJoinPool.commonPool-worker-13] org.mongodb.driver.connection            : Opened connection [connectionId{localValue:25, serverValue:6918228}] to totoro.unirioja.es:27017
2024-06-06 09:54:55.981  INFO 69110 --- [ForkJoinPool.commonPool-worker-31] org.mongodb.driver.connection            : Opened connection [connectionId{localValue:27, serverValue:6918222}] to totoro.unirioja.es:27017
2024-06-06 09:54:55.982  INFO 69110 --- [ForkJoinPool.commonPool-worker-27] org.mongodb.driver.connection            : Opened connection [connectionId{localValue:29, serverValue:6918231}] to totoro.unirioja.es:27017
2024-06-06 09:54:56.127  INFO 69110 --- [main] org.mongodb.driver.connection            : Opened connection [connectionId{localValue:33, serverValue:6918233}] to totoro.unirioja.es:27017
2024-06-06 09:54:56.127  INFO 69110 --- [ForkJoinPool.commonPool-worker-21] org.mongodb.driver.connection            : Opened connection [connectionId{localValue:34, serverValue:6918234}] to totoro.unirioja.es:27017
2024-06-06 09:54:56.138  INFO 69110 --- [ForkJoinPool.commonPool-worker-5] org.mongodb.driver.connection            : Opened connection [connectionId{localValue:35, serverValue:6918235}] to totoro.unirioja.es:27017
2024-06-06 09:54:56.226  INFO 69110 --- [ForkJoinPool.commonPool-worker-19] org.mongodb.driver.connection            : Opened connection [connectionId{localValue:36, serverValue:6918236}] to totoro.unirioja.es:27017
2024-06-06 09:55:04.624  INFO 69110 --- [ForkJoinPool.commonPool-worker-31] org.mongodb.driver.connection            : Opened connection [connectionId{localValue:41, serverValue:6918241}] to totoro.unirioja.es:27017
2024-06-06 09:55:07.651  INFO 69110 --- [ForkJoinPool.commonPool-worker-3] org.mongodb.driver.connection            : Opened connection [connectionId{localValue:42, serverValue:6918242}] to totoro.unirioja.es:27017
2024-06-06 09:55:14.989  INFO 69110 --- [ForkJoinPool.commonPool-worker-3] org.mongodb.driver.connection            : Opened connection [connectionId{localValue:43, serverValue:6918249}] to totoro.unirioja.es:27017
2024-06-06 09:55:46.038  INFO 69110 --- [ForkJoinPool.commonPool-worker-21] org.mongodb.driver.connection            : Opened connection [connectionId{localValue:52, serverValue:6918263}] to totoro.unirioja.es:27017
2024-06-06 10:38:20.124  INFO 92699 --- [main] c.c.c.ConfigServicePropertySourceLocator : Fetching config from server at : http://10.141.1.12:8888/
2024-06-06 10:38:21.191  INFO 92699 --- [main] c.c.c.ConfigServicePropertySourceLocator : Located environment: name=docserver-importador-openalex, profiles=[default], label=null, version=50513, state=null
2024-06-06 10:38:21.192  INFO 92699 --- [main] b.c.PropertySourceBootstrapConfiguration : Located property source: [BootstrapPropertySource {name='bootstrapProperties-configClient'}, BootstrapPropertySource {name='bootstrapProperties-https://hal.unirioja.es/svn/dialnet-config//trunk/application.yml'}]
2024-06-06 10:38:21.211  INFO 92699 --- [main] d.importador.openalex.Application        : No active profile set, falling back to default profiles: default
2024-06-06 10:38:21.650  INFO 92699 --- [main] .s.d.r.c.RepositoryConfigurationDelegate : Bootstrapping Spring Data MongoDB repositories in DEFAULT mode.
2024-06-06 10:38:21.655  INFO 92699 --- [main] .s.d.r.c.RepositoryConfigurationDelegate : Finished Spring Data repository scanning in 3 ms. Found 0 MongoDB repository interfaces.
2024-06-06 10:38:21.659  INFO 92699 --- [main] .s.d.r.c.RepositoryConfigurationDelegate : Bootstrapping Spring Data MongoDB repositories in DEFAULT mode.
2024-06-06 10:38:21.875  INFO 92699 --- [main] .s.d.r.c.RepositoryConfigurationDelegate : Finished Spring Data repository scanning in 215 ms. Found 18 MongoDB repository interfaces.
2024-06-06 10:38:21.876  INFO 92699 --- [main] .s.d.r.c.RepositoryConfigurationDelegate : Bootstrapping Spring Data MongoDB repositories in DEFAULT mode.
2024-06-06 10:38:21.884  INFO 92699 --- [main] .s.d.r.c.RepositoryConfigurationDelegate : Finished Spring Data repository scanning in 7 ms. Found 3 MongoDB repository interfaces.
2024-06-06 10:38:22.305  INFO 92699 --- [main] o.s.cloud.context.scope.GenericScope     : BeanFactory id=3046b72f-3121-37f5-9474-cae44950277b
2024-06-06 10:38:22.741  INFO 92699 --- [main] org.mongodb.driver.cluster               : Cluster created with settings {hosts=[sancho.unirioja.es:27017, matute.unirioja.es:27017, totoro.unirioja.es:27017, totoro2.unirioja.es:27017], mode=MULTIPLE, requiredClusterType=REPLICA_SET, serverSelectionTimeout='30000 ms', requiredReplicaSetName='dialnet-rs'}
2024-06-06 10:38:22.742  INFO 92699 --- [main] org.mongodb.driver.cluster               : Adding discovered server sancho.unirioja.es:27017 to client view of cluster
2024-06-06 10:38:22.763  INFO 92699 --- [main] org.mongodb.driver.cluster               : Adding discovered server matute.unirioja.es:27017 to client view of cluster
2024-06-06 10:38:22.765  INFO 92699 --- [main] org.mongodb.driver.cluster               : Adding discovered server totoro.unirioja.es:27017 to client view of cluster
2024-06-06 10:38:22.767  INFO 92699 --- [main] org.mongodb.driver.cluster               : Adding discovered server totoro2.unirioja.es:27017 to client view of cluster
2024-06-06 10:38:22.849  WARN 92699 --- [main] o.s.data.convert.CustomConversions       : Registering converter from class java.time.LocalDateTime to class org.joda.time.LocalDateTime as reading converter although it doesn't convert from a store-supported type! You might want to check your annotation setup at the converter implementation.
2024-06-06 10:38:22.859  INFO 92699 --- [cluster-ClusterId{value='6661757e0d44e429ce2bf69a', description='null'}-matute.unirioja.es:27017] org.mongodb.driver.connection            : Opened connection [connectionId{localValue:6, serverValue:3146366}] to matute.unirioja.es:27017
2024-06-06 10:38:22.859  INFO 92699 --- [cluster-rtt-ClusterId{value='6661757e0d44e429ce2bf69a', description='null'}-matute.unirioja.es:27017] org.mongodb.driver.connection            : Opened connection [connectionId{localValue:5, serverValue:3146365}] to matute.unirioja.es:27017
2024-06-06 10:38:22.859  INFO 92699 --- [cluster-ClusterId{value='6661757e0d44e429ce2bf69a', description='null'}-totoro2.unirioja.es:27017] org.mongodb.driver.connection            : Opened connection [connectionId{localValue:7, serverValue:5404977}] to totoro2.unirioja.es:27017
2024-06-06 10:38:22.859  INFO 92699 --- [cluster-rtt-ClusterId{value='6661757e0d44e429ce2bf69a', description='null'}-totoro2.unirioja.es:27017] org.mongodb.driver.connection            : Opened connection [connectionId{localValue:8, serverValue:5404976}] to totoro2.unirioja.es:27017
2024-06-06 10:38:22.861  INFO 92699 --- [cluster-ClusterId{value='6661757e0d44e429ce2bf69a', description='null'}-matute.unirioja.es:27017] org.mongodb.driver.cluster               : Monitor thread successfully connected to server with description ServerDescription{address=matute.unirioja.es:27017, type=REPLICA_SET_ARBITER, state=CONNECTED, ok=true, minWireVersion=0, maxWireVersion=9, maxDocumentSize=16777216, logicalSessionTimeoutMinutes=30, roundTripTimeNanos=38086186, setName='dialnet-rs', canonicalAddress=matute.unirioja.es:27017, hosts=[sancho.unirioja.es:27017, totoro.unirioja.es:27017, totoro2.unirioja.es:27017], passives=[], arbiters=[matute.unirioja.es:27017], primary='totoro.unirioja.es:27017', tagSet=TagSet{[]}, electionId=null, setVersion=25, topologyVersion=TopologyVersion{processId=65fac33d6048ec814e929a93, counter=2}, lastWriteDate=Thu Jun 06 10:38:22 CEST 2024, lastUpdateTimeNanos=9379153978069}
2024-06-06 10:38:22.861  INFO 92699 --- [cluster-ClusterId{value='6661757e0d44e429ce2bf69a', description='null'}-totoro2.unirioja.es:27017] org.mongodb.driver.cluster               : Monitor thread successfully connected to server with description ServerDescription{address=totoro2.unirioja.es:27017, type=REPLICA_SET_SECONDARY, state=CONNECTED, ok=true, minWireVersion=0, maxWireVersion=9, maxDocumentSize=16777216, logicalSessionTimeoutMinutes=30, roundTripTimeNanos=38206492, setName='dialnet-rs', canonicalAddress=totoro2.unirioja.es:27017, hosts=[sancho.unirioja.es:27017, totoro.unirioja.es:27017, totoro2.unirioja.es:27017], passives=[], arbiters=[matute.unirioja.es:27017], primary='totoro.unirioja.es:27017', tagSet=TagSet{[]}, electionId=null, setVersion=25, topologyVersion=TopologyVersion{processId=65fad428679b1144e57f85bd, counter=3}, lastWriteDate=Thu Jun 06 10:38:22 CEST 2024, lastUpdateTimeNanos=9379153983841}
2024-06-06 10:38:22.908  INFO 92699 --- [cluster-rtt-ClusterId{value='6661757e0d44e429ce2bf69a', description='null'}-totoro.unirioja.es:27017] org.mongodb.driver.connection            : Opened connection [connectionId{localValue:2, serverValue:6919280}] to totoro.unirioja.es:27017
2024-06-06 10:38:22.915  INFO 92699 --- [cluster-ClusterId{value='6661757e0d44e429ce2bf69a', description='null'}-totoro.unirioja.es:27017] org.mongodb.driver.connection            : Opened connection [connectionId{localValue:3, serverValue:6919279}] to totoro.unirioja.es:27017
2024-06-06 10:38:22.915  INFO 92699 --- [cluster-ClusterId{value='6661757e0d44e429ce2bf69a', description='null'}-totoro.unirioja.es:27017] org.mongodb.driver.cluster               : Monitor thread successfully connected to server with description ServerDescription{address=totoro.unirioja.es:27017, type=REPLICA_SET_PRIMARY, state=CONNECTED, ok=true, minWireVersion=0, maxWireVersion=9, maxDocumentSize=16777216, logicalSessionTimeoutMinutes=30, roundTripTimeNanos=94601284, setName='dialnet-rs', canonicalAddress=totoro.unirioja.es:27017, hosts=[sancho.unirioja.es:27017, totoro.unirioja.es:27017, totoro2.unirioja.es:27017], passives=[], arbiters=[matute.unirioja.es:27017], primary='totoro.unirioja.es:27017', tagSet=TagSet{[]}, electionId=7fffffff0000000000000027, setVersion=25, topologyVersion=TopologyVersion{processId=65fac566c307010b26296de5, counter=6}, lastWriteDate=Thu Jun 06 10:38:22 CEST 2024, lastUpdateTimeNanos=9379210032608}
2024-06-06 10:38:22.916  INFO 92699 --- [cluster-ClusterId{value='6661757e0d44e429ce2bf69a', description='null'}-totoro.unirioja.es:27017] org.mongodb.driver.cluster               : Setting max election id to 7fffffff0000000000000027 from replica set primary totoro.unirioja.es:27017
2024-06-06 10:38:22.916  INFO 92699 --- [cluster-ClusterId{value='6661757e0d44e429ce2bf69a', description='null'}-totoro.unirioja.es:27017] org.mongodb.driver.cluster               : Setting max set version to 25 from replica set primary totoro.unirioja.es:27017
2024-06-06 10:38:22.916  INFO 92699 --- [cluster-ClusterId{value='6661757e0d44e429ce2bf69a', description='null'}-totoro.unirioja.es:27017] org.mongodb.driver.cluster               : Discovered replica set primary totoro.unirioja.es:27017
2024-06-06 10:38:23.038  WARN 92699 --- [main] o.s.data.convert.CustomConversions       : Registering converter from class java.time.LocalDateTime to class org.joda.time.LocalDateTime as reading converter although it doesn't convert from a store-supported type! You might want to check your annotation setup at the converter implementation.
2024-06-06 10:38:23.167  INFO 92699 --- [main] org.mongodb.driver.cluster               : Cluster created with settings {hosts=[sancho.unirioja.es:27017, matute.unirioja.es:27017, totoro.unirioja.es:27017, totoro2.unirioja.es:27017], mode=MULTIPLE, requiredClusterType=REPLICA_SET, serverSelectionTimeout='30000 ms', requiredReplicaSetName='dialnet-rs'}
2024-06-06 10:38:23.168  INFO 92699 --- [main] org.mongodb.driver.cluster               : Adding discovered server sancho.unirioja.es:27017 to client view of cluster
2024-06-06 10:38:23.168  INFO 92699 --- [main] org.mongodb.driver.cluster               : Adding discovered server matute.unirioja.es:27017 to client view of cluster
2024-06-06 10:38:23.169  INFO 92699 --- [main] org.mongodb.driver.cluster               : Adding discovered server totoro.unirioja.es:27017 to client view of cluster
2024-06-06 10:38:23.170  INFO 92699 --- [main] org.mongodb.driver.cluster               : Adding discovered server totoro2.unirioja.es:27017 to client view of cluster
2024-06-06 10:38:23.188  WARN 92699 --- [main] o.s.data.convert.CustomConversions       : Registering converter from class java.time.LocalDateTime to class java.time.Instant as reading converter although it doesn't convert from a store-supported type! You might want to check your annotation setup at the converter implementation.
2024-06-06 10:38:23.188  WARN 92699 --- [main] o.s.data.convert.CustomConversions       : Registering converter from class java.time.Instant to class java.time.LocalDateTime as reading converter although it doesn't convert from a store-supported type! You might want to check your annotation setup at the converter implementation.
2024-06-06 10:38:23.188  WARN 92699 --- [main] o.s.data.convert.CustomConversions       : Registering converter from class java.time.LocalDateTime to class org.joda.time.LocalDateTime as reading converter although it doesn't convert from a store-supported type! You might want to check your annotation setup at the converter implementation.
2024-06-06 10:38:23.220  INFO 92699 --- [cluster-ClusterId{value='6661757f0d44e429ce2bf69b', description='null'}-matute.unirioja.es:27017] org.mongodb.driver.connection            : Opened connection [connectionId{localValue:11, serverValue:3146367}] to matute.unirioja.es:27017
2024-06-06 10:38:23.220  INFO 92699 --- [cluster-rtt-ClusterId{value='6661757f0d44e429ce2bf69b', description='null'}-matute.unirioja.es:27017] org.mongodb.driver.connection            : Opened connection [connectionId{localValue:12, serverValue:3146368}] to matute.unirioja.es:27017
2024-06-06 10:38:23.220  INFO 92699 --- [cluster-ClusterId{value='6661757f0d44e429ce2bf69b', description='null'}-matute.unirioja.es:27017] org.mongodb.driver.cluster               : Monitor thread successfully connected to server with description ServerDescription{address=matute.unirioja.es:27017, type=REPLICA_SET_ARBITER, state=CONNECTED, ok=true, minWireVersion=0, maxWireVersion=9, maxDocumentSize=16777216, logicalSessionTimeoutMinutes=30, roundTripTimeNanos=26400019, setName='dialnet-rs', canonicalAddress=matute.unirioja.es:27017, hosts=[sancho.unirioja.es:27017, totoro.unirioja.es:27017, totoro2.unirioja.es:27017], passives=[], arbiters=[matute.unirioja.es:27017], primary='totoro.unirioja.es:27017', tagSet=TagSet{[]}, electionId=null, setVersion=25, topologyVersion=TopologyVersion{processId=65fac33d6048ec814e929a93, counter=2}, lastWriteDate=Thu Jun 06 10:38:22 CEST 2024, lastUpdateTimeNanos=9379515119362}
2024-06-06 10:38:23.221  INFO 92699 --- [cluster-rtt-ClusterId{value='6661757f0d44e429ce2bf69b', description='null'}-totoro2.unirioja.es:27017] org.mongodb.driver.connection            : Opened connection [connectionId{localValue:16, serverValue:5404979}] to totoro2.unirioja.es:27017
2024-06-06 10:38:23.221  INFO 92699 --- [cluster-ClusterId{value='6661757f0d44e429ce2bf69b', description='null'}-totoro2.unirioja.es:27017] org.mongodb.driver.connection            : Opened connection [connectionId{localValue:15, serverValue:5404978}] to totoro2.unirioja.es:27017
2024-06-06 10:38:23.222  INFO 92699 --- [cluster-ClusterId{value='6661757f0d44e429ce2bf69b', description='null'}-totoro2.unirioja.es:27017] org.mongodb.driver.cluster               : Monitor thread successfully connected to server with description ServerDescription{address=totoro2.unirioja.es:27017, type=REPLICA_SET_SECONDARY, state=CONNECTED, ok=true, minWireVersion=0, maxWireVersion=9, maxDocumentSize=16777216, logicalSessionTimeoutMinutes=30, roundTripTimeNanos=26586148, setName='dialnet-rs', canonicalAddress=totoro2.unirioja.es:27017, hosts=[sancho.unirioja.es:27017, totoro.unirioja.es:27017, totoro2.unirioja.es:27017], passives=[], arbiters=[matute.unirioja.es:27017], primary='totoro.unirioja.es:27017', tagSet=TagSet{[]}, electionId=null, setVersion=25, topologyVersion=TopologyVersion{processId=65fad428679b1144e57f85bd, counter=3}, lastWriteDate=Thu Jun 06 10:38:23 CEST 2024, lastUpdateTimeNanos=9379517014258}
2024-06-06 10:38:23.269  INFO 92699 --- [cluster-ClusterId{value='6661757f0d44e429ce2bf69b', description='null'}-totoro.unirioja.es:27017] org.mongodb.driver.connection            : Opened connection [connectionId{localValue:13, serverValue:6919281}] to totoro.unirioja.es:27017
2024-06-06 10:38:23.269  INFO 92699 --- [cluster-ClusterId{value='6661757f0d44e429ce2bf69b', description='null'}-totoro.unirioja.es:27017] org.mongodb.driver.cluster               : Monitor thread successfully connected to server with description ServerDescription{address=totoro.unirioja.es:27017, type=REPLICA_SET_PRIMARY, state=CONNECTED, ok=true, minWireVersion=0, maxWireVersion=9, maxDocumentSize=16777216, logicalSessionTimeoutMinutes=30, roundTripTimeNanos=74745717, setName='dialnet-rs', canonicalAddress=totoro.unirioja.es:27017, hosts=[sancho.unirioja.es:27017, totoro.unirioja.es:27017, totoro2.unirioja.es:27017], passives=[], arbiters=[matute.unirioja.es:27017], primary='totoro.unirioja.es:27017', tagSet=TagSet{[]}, electionId=7fffffff0000000000000027, setVersion=25, topologyVersion=TopologyVersion{processId=65fac566c307010b26296de5, counter=6}, lastWriteDate=Thu Jun 06 10:38:23 CEST 2024, lastUpdateTimeNanos=9379564533652}
2024-06-06 10:38:23.270  INFO 92699 --- [cluster-ClusterId{value='6661757f0d44e429ce2bf69b', description='null'}-totoro.unirioja.es:27017] org.mongodb.driver.cluster               : Setting max election id to 7fffffff0000000000000027 from replica set primary totoro.unirioja.es:27017
2024-06-06 10:38:23.270  INFO 92699 --- [cluster-ClusterId{value='6661757f0d44e429ce2bf69b', description='null'}-totoro.unirioja.es:27017] org.mongodb.driver.cluster               : Setting max set version to 25 from replica set primary totoro.unirioja.es:27017
2024-06-06 10:38:23.270  INFO 92699 --- [cluster-ClusterId{value='6661757f0d44e429ce2bf69b', description='null'}-totoro.unirioja.es:27017] org.mongodb.driver.cluster               : Discovered replica set primary totoro.unirioja.es:27017
2024-06-06 10:38:23.270  INFO 92699 --- [cluster-rtt-ClusterId{value='6661757f0d44e429ce2bf69b', description='null'}-totoro.unirioja.es:27017] org.mongodb.driver.connection            : Opened connection [connectionId{localValue:14, serverValue:6919282}] to totoro.unirioja.es:27017
2024-06-06 10:38:23.641  WARN 92699 --- [main] o.s.data.convert.CustomConversions       : Registering converter from class java.time.LocalDateTime to class org.joda.time.LocalDateTime as reading converter although it doesn't convert from a store-supported type! You might want to check your annotation setup at the converter implementation.
2024-06-06 10:38:25.327  INFO 92699 --- [main] DiscoveryClientOptionalArgsConfiguration : Eureka HTTP Client uses RestTemplate.
2024-06-06 10:38:25.583  WARN 92699 --- [main] iguration$LoadBalancerCaffeineWarnLogger : Spring Cloud LoadBalancer is currently working with the default cache. You can switch to using Caffeine cache, by adding it and org.springframework.cache.caffeine.CaffeineCacheManager to the classpath.
2024-06-06 10:38:25.936  INFO 92699 --- [main] d.importador.openalex.Application        : Started Application in 7.158 seconds (JVM running for 7.409)
2024-06-06 10:38:26.201  INFO 92699 --- [main] org.mongodb.driver.connection            : Opened connection [connectionId{localValue:17, serverValue:6919283}] to totoro.unirioja.es:27017
2024-06-06 10:38:32.807  INFO 92699 --- [cluster-ClusterId{value='6661757e0d44e429ce2bf69a', description='null'}-sancho.unirioja.es:27017] org.mongodb.driver.cluster               : Exception in monitor thread while connecting to server sancho.unirioja.es:27017

com.mongodb.MongoSocketOpenException: Exception opening socket
	at com.mongodb.internal.connection.SocketStream.open(SocketStream.java:70) ~[mongodb-driver-core-4.1.2.jar:na]
	at com.mongodb.internal.connection.InternalStreamConnection.open(InternalStreamConnection.java:143) ~[mongodb-driver-core-4.1.2.jar:na]
	at com.mongodb.internal.connection.DefaultServerMonitor$ServerMonitorRunnable.lookupServerDescription(DefaultServerMonitor.java:188) ~[mongodb-driver-core-4.1.2.jar:na]
	at com.mongodb.internal.connection.DefaultServerMonitor$ServerMonitorRunnable.run(DefaultServerMonitor.java:144) ~[mongodb-driver-core-4.1.2.jar:na]
	at java.base/java.lang.Thread.run(Thread.java:829) ~[na:na]
Caused by: java.net.SocketTimeoutException: connect timed out
	at java.base/java.net.PlainSocketImpl.socketConnect(Native Method) ~[na:na]
	at java.base/java.net.AbstractPlainSocketImpl.doConnect(AbstractPlainSocketImpl.java:412) ~[na:na]
	at java.base/java.net.AbstractPlainSocketImpl.connectToAddress(AbstractPlainSocketImpl.java:255) ~[na:na]
	at java.base/java.net.AbstractPlainSocketImpl.connect(AbstractPlainSocketImpl.java:237) ~[na:na]
	at java.base/java.net.SocksSocketImpl.connect(SocksSocketImpl.java:392) ~[na:na]
	at java.base/java.net.Socket.connect(Socket.java:609) ~[na:na]
	at com.mongodb.internal.connection.SocketStreamHelper.initialize(SocketStreamHelper.java:78) ~[mongodb-driver-core-4.1.2.jar:na]
	at com.mongodb.internal.connection.SocketStream.initializeSocket(SocketStream.java:79) ~[mongodb-driver-core-4.1.2.jar:na]
	at com.mongodb.internal.connection.SocketStream.open(SocketStream.java:65) ~[mongodb-driver-core-4.1.2.jar:na]
	... 4 common frames omitted

2024-06-06 10:38:33.178  INFO 92699 --- [cluster-ClusterId{value='6661757f0d44e429ce2bf69b', description='null'}-sancho.unirioja.es:27017] org.mongodb.driver.cluster               : Exception in monitor thread while connecting to server sancho.unirioja.es:27017

com.mongodb.MongoSocketOpenException: Exception opening socket
	at com.mongodb.internal.connection.SocketStream.open(SocketStream.java:70) ~[mongodb-driver-core-4.1.2.jar:na]
	at com.mongodb.internal.connection.InternalStreamConnection.open(InternalStreamConnection.java:143) ~[mongodb-driver-core-4.1.2.jar:na]
	at com.mongodb.internal.connection.DefaultServerMonitor$ServerMonitorRunnable.lookupServerDescription(DefaultServerMonitor.java:188) ~[mongodb-driver-core-4.1.2.jar:na]
	at com.mongodb.internal.connection.DefaultServerMonitor$ServerMonitorRunnable.run(DefaultServerMonitor.java:144) ~[mongodb-driver-core-4.1.2.jar:na]
	at java.base/java.lang.Thread.run(Thread.java:829) ~[na:na]
Caused by: java.net.SocketTimeoutException: connect timed out
	at java.base/java.net.PlainSocketImpl.socketConnect(Native Method) ~[na:na]
	at java.base/java.net.AbstractPlainSocketImpl.doConnect(AbstractPlainSocketImpl.java:412) ~[na:na]
	at java.base/java.net.AbstractPlainSocketImpl.connectToAddress(AbstractPlainSocketImpl.java:255) ~[na:na]
	at java.base/java.net.AbstractPlainSocketImpl.connect(AbstractPlainSocketImpl.java:237) ~[na:na]
	at java.base/java.net.SocksSocketImpl.connect(SocksSocketImpl.java:392) ~[na:na]
	at java.base/java.net.Socket.connect(Socket.java:609) ~[na:na]
	at com.mongodb.internal.connection.SocketStreamHelper.initialize(SocketStreamHelper.java:78) ~[mongodb-driver-core-4.1.2.jar:na]
	at com.mongodb.internal.connection.SocketStream.initializeSocket(SocketStream.java:79) ~[mongodb-driver-core-4.1.2.jar:na]
	at com.mongodb.internal.connection.SocketStream.open(SocketStream.java:65) ~[mongodb-driver-core-4.1.2.jar:na]
	... 4 common frames omitted

2024-06-06 10:39:01.375  INFO 92699 --- [ForkJoinPool.commonPool-worker-17] org.mongodb.driver.connection            : Opened connection [connectionId{localValue:32, serverValue:6919303}] to totoro.unirioja.es:27017
2024-06-06 10:39:01.376  INFO 92699 --- [ForkJoinPool.commonPool-worker-31] org.mongodb.driver.connection            : Opened connection [connectionId{localValue:26, serverValue:6919304}] to totoro.unirioja.es:27017
2024-06-06 10:39:01.376  INFO 92699 --- [ForkJoinPool.commonPool-worker-3] org.mongodb.driver.connection            : Opened connection [connectionId{localValue:27, serverValue:6919306}] to totoro.unirioja.es:27017
2024-06-06 10:39:01.376  INFO 92699 --- [ForkJoinPool.commonPool-worker-23] org.mongodb.driver.connection            : Opened connection [connectionId{localValue:29, serverValue:6919305}] to totoro.unirioja.es:27017
2024-06-06 10:39:01.376  INFO 92699 --- [ForkJoinPool.commonPool-worker-13] org.mongodb.driver.connection            : Opened connection [connectionId{localValue:25, serverValue:6919301}] to totoro.unirioja.es:27017
2024-06-06 10:39:01.377  INFO 92699 --- [ForkJoinPool.commonPool-worker-7] org.mongodb.driver.connection            : Opened connection [connectionId{localValue:24, serverValue:6919309}] to totoro.unirioja.es:27017
2024-06-06 10:39:01.377  INFO 92699 --- [ForkJoinPool.commonPool-worker-9] org.mongodb.driver.connection            : Opened connection [connectionId{localValue:28, serverValue:6919307}] to totoro.unirioja.es:27017
2024-06-06 10:39:01.377  INFO 92699 --- [ForkJoinPool.commonPool-worker-5] org.mongodb.driver.connection            : Opened connection [connectionId{localValue:22, serverValue:6919308}] to totoro.unirioja.es:27017
2024-06-06 10:39:01.380  INFO 92699 --- [ForkJoinPool.commonPool-worker-27] org.mongodb.driver.connection            : Opened connection [connectionId{localValue:30, serverValue:6919302}] to totoro.unirioja.es:27017
2024-06-06 10:39:01.380  INFO 92699 --- [main] org.mongodb.driver.connection            : Opened connection [connectionId{localValue:23, serverValue:6919299}] to totoro.unirioja.es:27017
2024-06-06 10:39:01.381  INFO 92699 --- [ForkJoinPool.commonPool-worker-19] org.mongodb.driver.connection            : Opened connection [connectionId{localValue:31, serverValue:6919300}] to totoro.unirioja.es:27017
2024-06-06 10:39:01.588  INFO 92699 --- [ForkJoinPool.commonPool-worker-21] org.mongodb.driver.connection            : Opened connection [connectionId{localValue:33, serverValue:6919310}] to totoro.unirioja.es:27017
2024-06-06 10:39:01.658  INFO 92699 --- [ForkJoinPool.commonPool-worker-13] org.mongodb.driver.connection            : Opened connection [connectionId{localValue:35, serverValue:6919312}] to totoro.unirioja.es:27017
2024-06-06 10:39:01.771  INFO 92699 --- [ForkJoinPool.commonPool-worker-7] org.mongodb.driver.connection            : Opened connection [connectionId{localValue:36, serverValue:6919313}] to totoro.unirioja.es:27017
2024-06-06 10:39:01.816  INFO 92699 --- [ForkJoinPool.commonPool-worker-5] org.mongodb.driver.connection            : Opened connection [connectionId{localValue:34, serverValue:6919311}] to totoro.unirioja.es:27017
2024-06-06 10:39:01.834  INFO 92699 --- [ForkJoinPool.commonPool-worker-19] org.mongodb.driver.connection            : Opened connection [connectionId{localValue:37, serverValue:6919314}] to totoro.unirioja.es:27017
2024-06-06 10:39:18.216  INFO 92699 --- [ForkJoinPool.commonPool-worker-17] org.mongodb.driver.connection            : Opened connection [connectionId{localValue:42, serverValue:6919321}] to totoro.unirioja.es:27017
